SF:lib\features\polls\polls_notifier.dart
DA:12,1
DA:14,1
DA:15,3
DA:22,3
DA:24,0
DA:25,0
DA:28,0
DA:29,0
DA:30,0
DA:32,0
DA:33,0
DA:35,0
DA:39,1
DA:40,3
DA:44,6
DA:45,2
DA:46,3
DA:47,1
DA:48,4
DA:49,3
DA:52,2
DA:53,2
DA:54,3
DA:55,1
DA:56,3
DA:57,3
DA:60,4
DA:61,3
LF:28
LH:20
end_of_record
SF:lib\features\polls\models.dart
DA:6,1
DA:8,0
DA:9,0
DA:10,0
DA:11,0
DA:22,1
DA:24,0
DA:25,0
DA:26,0
DA:27,0
DA:28,0
DA:30,0
DA:34,0
DA:35,0
DA:36,0
DA:38,0
DA:39,0
DA:43,1
DA:44,3
DA:45,7
DA:47,1
DA:48,4
DA:51,1
DA:52,5
LF:24
LH:9
end_of_record
SF:lib\core\services\location_service.dart
DA:8,0
DA:9,0
DA:10,0
DA:15,0
DA:16,0
DA:17,0
DA:21,0
DA:22,0
DA:23,0
DA:27,0
DA:28,0
DA:29,0
DA:33,0
DA:35,0
DA:37,0
DA:41,0
DA:42,0
DA:43,0
DA:46,0
DA:47,0
DA:51,0
DA:52,0
DA:55,0
DA:60,0
DA:61,0
DA:64,0
DA:66,0
DA:67,0
DA:68,0
DA:69,0
DA:70,0
DA:71,0
DA:72,0
DA:73,0
DA:76,0
DA:81,0
DA:82,0
DA:85,0
DA:86,0
DA:88,0
DA:89,0
DA:90,0
DA:91,0
DA:92,0
DA:93,0
DA:94,0
LF:46
LH:0
end_of_record
SF:lib\features\location\location_provider.dart
DA:4,0
DA:5,0
DA:9,0
DA:10,0
DA:15,0
DA:16,0
DA:17,0
DA:20,0
DA:21,0
DA:22,0
DA:24,0
DA:27,0
DA:29,0
DA:31,0
DA:34,0
DA:35,0
DA:36,0
LF:17
LH:0
end_of_record
